4787
1 196 6 197
0 191 0 198
3 194 7 195
7 196 10 197
1 198 9 198
2 185 2 195
1 182 1 193
0 199 1 204
0 180 0 190
3 193 10 193
8 194 13 195
11 196 16 197
10 198 17 198
2 199 10 199
3 182 3 192
2 175 2 184
1 173 1 181
2 200 5 202
2 203 5 204
0 205 3 206
0 170 0 179
4 192 12 192
11 193 20 193
14 194 19 195
17 196 21 197
18 198 21 200
11 199 15 200
16 199 17 202
6 200 10 201
4 181 4 191
3 174 3 181
2 167 2 174
1 161 1 172
6 202 10 203
6 204 9 205
4 205 5 209
0 207 3 208
0 161 0 169
13 191 16 192
5 189 7 191
8 190 12 191
17 191 21 192
21 193 28 193
20 194 28 194
20 195 31 195
22 196 29 196
22 197 25 199
22 200 25 202
18 201 21 203
11 201 14 202
15 201 15 209
16 203 17 206
5 179 5 188
4 173 4 180
2 161 3 166
3 167 4 172
0 157 1 160
2 157 3 160
11 203 14 205
10 204 10 212
6 206 9 207
6 208 9 210
0 209 3 210
4 210 5 213
13 190 21 190
8 188 11 189
6 184 7 188
12 188 17 189
22 190 24 192
29 192 31 194
25 190 28 192
32 193 34 195
30 196 32 198
26 197 27 202
28 197 29 200
22 203 26 204
18 204 21 206
11 206 14 208
16 207 20 208
11 209 14 211
16 209 18 212
15 210 15 217
5 175 6 178
6 179 7 183
5 169 6 174
4 159 5 164
4 165 8 166
5 167 9 168
0 153 2 156
3 153 4 156
4 157 7 158
6 211 9 212
11 212 14 214
6 213 10 214
0 211 3 213
0 214 4 215
5 214 5 221
18 188 22 189
8 186 12 187
8 182 9 185
13 187 20 187
23 188 27 189
32 189 34 192
29 188 31 191
28 181 28 189
35 188 35 195
33 196 36 197
33 198 36 200
30 199 32 201
28 201 29 205
27 203 27 212
22 205 26 206
21 207 26 208
21 209 26 210
19 209 20 213
16 213 18 215
11 215 14 217
16 216 18 218
11 218 14 219
15 218 15 225
7 169 7 178
8 178 9 181
6 159 7 164
8 159 9 164
9 165 13 166
10 167 13 169
8 169 9 172
0 151 4 152
5 152 6 156
8 156 10 158
7 148 7 156
8 215 10 217
7 215 7 223
0 216 4 217
3 218 4 221
1 222 6 223
23 186 27 187
21 182 22 187
13 185 17 186
10 180 11 185
12 178 12 185
18 184 20 186
32 186 34 188
29 184 31 187
25 180 27 182
29 180 31 183
24 183 27 185
28 172 28 180
35 184 37 187
36 188 37 192
36 193 39 195
37 196 39 198
37 199 39 201
33 201 36 203
30 202 31 205
32 202 32 211
28 206 31 207
28 208 31 210
21 211 26 212
28 211 31 212
21 213 29 213
19 214 21 216
8 218 10 220
19 217 21 219
16 219 18 221
11 220 14 222
16 222 18 224
12 223 14 225
16 225 18 227
3 226 14 226
15 226 15 234
8 173 9 177
10 174 11 179
10 159 21 159
10 160 19 160
10 161 15 162
10 164 17 164
14 165 14 173
10 170 12 173
13 170 13 181
5 146 6 151
0 147 1 150
2 147 4 150
11 155 13 158
8 146 8 155
9 147 9 155
10 148 10 155
7 140 7 147
8 221 10 224
3 224 7 225
0 218 2 221
0 222 0 231
1 224 1 232
2 224 2 233
23 176 23 185
20 179 22 181
16 182 20 183
14 179 15 184
32 183 34 185
24 171 24 182
25 176 27 179
32 179 34 182
29 177 31 179
26 170 27 175
29 171 30 176
28 163 28 171
35 182 38 183
38 184 38 192
40 192 40 200
39 183 39 192
40 201 43 202
37 202 39 204
33 204 35 207
36 204 36 215
33 208 33 219
32 212 32 220
30 213 31 216
22 214 25 215
26 214 29 215
22 216 24 218
22 219 25 221
19 220 20 225
21 220 21 227
19 226 20 230
17 228 18 233
3 227 4 230
5 227 8 229
9 227 14 228
11 229 14 230
16 230 16 241
13 231 14 234
14 235 15 238
14 158 22 158
22 159 24 161
20 160 21 163
16 161 19 163
18 164 19 167
16 165 17 169
15 166 15 177
14 178 22 178
0 145 4 146
5 137 5 145
11 152 14 154
14 155 17 157
8 144 13 145
9 146 17 146
11 147 12 151
6 132 6 143
8 139 9 143
7 132 7 139
0 232 0 240
1 233 1 242
3 231 3 239
2 234 2 241
21 172 22 177
23 167 23 175
16 179 19 181
24 166 25 170
32 177 35 178
35 179 37 181
31 172 32 176
26 166 27 169
29 168 31 170
31 171 41 171
25 162 27 165
29 162 30 167
28 155 28 162
38 177 39 181
39 182 50 182
41 191 41 200
40 183 40 191
42 198 44 200
44 201 46 203
40 203 42 205
43 203 43 210
37 205 39 208
34 208 35 212
37 209 39 212
34 213 35 216
37 213 40 215
36 216 37 219
34 217 35 221
33 220 33 230
30 217 31 221
32 221 32 231
28 216 29 219
25 216 27 218
26 219 27 223
22 222 24 224
25 222 25 229
22 225 24 227
21 228 24 230
19 231 21 233
17 234 19 237
5 230 7 232
4 231 4 238
9 229 10 234
8 230 8 241
11 231 12 234
17 238 19 240
13 239 15 241
17 241 19 243
12 242 16 243
9 235 13 236
9 237 13 238
23 153 24 158
18 156 22 157
25 158 27 161
22 162 24 165
20 164 21 167
18 168 22 169
16 170 19 171
16 172 17 177
18 172 19 177
20 170 20 177
0 143 4 144
3 136 4 140
0 141 4 142
5 128 5 136
13 149 15 151
15 152 23 152
15 153 22 153
18 154 22 155
14 143 16 145
10 142 13 143
17 143 20 145
18 146 19 149
16 147 17 151
6 129 8 131
10 138 12 141
8 133 9 138
8 132 15 132
0 241 0 249
2 242 11 242
1 243 11 243
4 239 7 241
36 174 37 178
34 172 35 176
31 164 33 167
32 168 35 170
38 169 42 170
42 171 45 172
36 167 37 170
36 172 40 173
41 172 41 181
31 159 32 163
29 156 30 161
25 154 27 157
28 153 31 154
29 155 40 155
38 174 40 176
42 181 51 181
51 182 52 185
41 183 41 190
42 183 43 186
44 183 49 184
50 183 50 191
42 187 42 197
43 196 46 197
45 198 47 200
47 201 48 205
44 204 46 206
40 206 42 208
44 207 47 208
41 209 42 213
44 209 47 210
43 211 45 213
41 214 44 215
38 216 41 217
38 218 42 219
36 220 39 221
34 222 36 224
34 225 36 228
34 229 36 231
33 231 33 238
28 220 29 225
30 222 31 225
29 226 31 228
30 229 31 232
32 232 32 240
26 224 27 227
26 228 27 232
22 231 25 232
22 233 26 234
20 234 20 241
21 234 21 245
5 233 7 236
9 239 12 241
12 244 20 244
1 244 11 244
25 151 27 153
24 145 24 152
1 135 2 140
3 131 4 135
0 132 0 140
3 126 4 130
6 125 8 128
5 116 5 127
18 150 21 151
22 148 23 151
14 141 17 142
13 133 13 141
21 142 23 145
20 146 23 147
18 140 20 142
9 127 10 131
10 134 12 137
11 130 16 131
16 132 18 134
14 133 15 137
1 245 2 249
33 161 35 163
34 164 36 166
43 168 45 170
38 166 40 168
41 163 42 168
46 168 47 171
46 172 47 175
42 173 45 175
37 158 37 166
42 176 43 180
31 156 33 158
32 152 34 154
28 151 31 152
38 153 41 154
41 155 44 156
34 156 35 160
35 151 37 154
36 156 39 157
40 156 40 165
44 180 52 180
52 181 63 181
53 182 54 185
51 186 54 187
44 185 49 186
43 187 47 188
48 187 49 191
51 188 52 192
48 192 50 194
43 189 47 190
43 191 47 192
43 193 47 194
43 195 50 195
47 196 50 197
48 198 50 200
49 201 50 204
49 205 58 205
47 206 55 206
48 207 52 208
48 209 49 214
46 211 47 215
45 214 45 224
44 216 44 225
43 217 43 228
40 220 42 222
37 222 37 233
38 222 39 226
34 232 36 234
34 235 35 238
33 239 36 240
28 226 28 234
29 229 29 238
30 233 31 236
30 237 31 240
30 241 33 242
26 235 28 237
22 235 25 237
22 238 26 239
22 240 26 241
22 242 23 245
12 245 20 245
15 246 22 246
3 245 11 245
25 148 28 150
25 143 26 147
24 135 24 144
1 129 2 134
0 122 0 131
1 123 2 128
3 117 3 125
6 122 9 124
9 125 12 126
4 111 4 122
6 114 6 121
5 106 5 115
14 138 17 140
21 139 23 141
18 137 20 139
11 127 13 129
14 127 17 129
17 130 21 131
19 132 22 134
16 135 20 136
3 246 5 249
43 166 46 167
38 158 38 165
39 158 39 165
43 162 44 165
41 157 42 162
48 167 48 175
47 160 47 167
44 176 48 177
44 178 49 179
32 149 34 151
29 147 30 150
31 142 31 150
42 150 43 154
38 150 41 152
44 149 45 154
45 155 48 156
43 157 47 158
35 148 37 150
50 178 55 179
53 180 64 180
64 181 68 182
55 182 63 182
55 183 56 186
55 187 57 189
53 188 54 193
51 193 51 204
52 193 52 204
56 203 59 204
59 205 62 206
53 201 54 204
55 194 55 204
56 206 56 215
57 206 57 213
58 206 58 216
53 207 55 209
50 209 52 211
50 212 52 214
49 215 52 216
48 215 48 222
46 216 47 220
46 221 47 225
45 225 45 232
44 226 44 234
40 223 42 225
40 226 42 229
38 227 39 231
38 232 39 237
37 234 37 241
34 241 36 243
27 238 28 242
29 239 29 247
30 243 31 247
32 243 33 246
24 242 26 244
24 245 26 247
11 246 14 248
15 247 23 247
6 246 9 248
27 143 28 147
25 141 28 142
23 129 23 138
24 130 25 134
25 135 26 140
1 119 2 122
0 111 0 121
1 115 2 118
3 108 3 116
7 120 10 121
10 122 12 124
13 122 14 126
4 100 4 110
6 112 10 113
7 114 10 115
7 116 9 119
5 104 10 105
6 106 8 109
6 110 17 110
6 111 16 111
21 135 22 138
18 126 19 129
15 123 16 126
17 116 17 126
22 122 22 131
20 124 21 129
6 249 15 249
45 160 46 165
43 159 51 159
48 161 49 166
49 167 49 177
48 160 57 160
50 176 53 177
32 146 34 148
29 143 30 146
30 133 30 142
31 136 32 141
32 142 34 145
38 148 41 149
42 145 43 149
44 146 46 148
46 149 47 154
48 151 49 154
49 155 57 155
49 156 54 157
48 158 57 158
38 145 41 147
35 145 37 147
56 177 58 179
54 174 55 177
59 179 68 179
65 180 75 180
69 181 70 184
61 183 68 183
57 183 60 184
57 185 61 186
58 187 60 189
55 190 58 192
55 193 66 193
53 194 54 199
56 201 60 202
60 203 63 204
63 205 66 206
61 207 66 208
60 207 60 214
56 194 57 199
56 200 65 200
53 210 55 212
53 213 55 215
57 214 57 223
54 216 56 218
59 210 59 221
58 217 58 224
53 216 53 225
49 217 52 219
49 220 52 222
48 223 52 224
48 225 50 227
46 226 47 229
46 230 49 231
46 232 57 232
45 233 54 233
42 230 43 235
45 234 55 234
44 235 53 235
40 230 41 235
40 236 44 237
38 238 42 239
38 240 41 241
37 242 41 243
34 244 41 244
27 243 28 247
25 248 29 249
30 248 34 249
32 247 39 247
34 245 39 246
20 248 24 249
16 248 19 249
29 133 29 142
27 132 27 140
24 128 27 129
26 130 31 131
1 110 2 114
0 103 0 110
1 104 2 109
3 97 3 107
11 112 11 121
13 117 14 121
12 112 12 121
15 119 16 122
5 99 6 103
4 89 4 99
9 101 12 103
11 104 16 105
9 106 11 109
7 99 8 103
15 108 18 109
18 110 26 110
17 111 21 112
12 106 14 109
13 112 14 116
15 112 16 117
18 114 18 125
19 116 19 125
20 120 23 121
23 122 25 125
23 126 27 127
50 161 51 164
50 165 51 168
50 169 51 173
50 174 53 175
53 159 64 159
58 160 63 161
52 161 53 164
54 161 56 163
57 161 57 171
28 132 39 132
31 133 33 135
33 136 34 141
35 140 36 144
37 143 41 144
42 142 44 144
44 145 53 145
47 146 49 148
48 149 51 150
50 151 52 154
53 153 58 154
58 155 65 155
55 156 60 157
58 158 69 158
59 176 61 178
56 169 56 176
57 172 58 176
52 171 55 173
62 178 70 178
69 179 78 179
76 180 78 182
71 181 71 191
72 181 72 189
73 181 73 188
74 181 75 184
61 184 68 184
64 185 68 186
69 185 70 190
62 185 63 188
61 189 65 190
59 191 66 191
67 191 68 195
58 194 59 199
60 194 61 199
62 194 66 195
61 201 64 202
64 203 68 204
67 205 68 209
61 209 64 210
65 209 66 213
61 211 64 213
61 214 64 215
60 215 60 226
62 198 66 199
66 200 70 201
54 219 56 222
54 223 56 226
57 225 58 229
51 225 52 229
50 230 54 231
57 230 62 231
58 232 60 234
55 227 56 231
56 233 57 237
54 235 54 245
55 235 55 244
45 236 50 237
51 236 51 245
53 236 53 244
45 238 50 239
43 238 44 243
42 244 47 245
35 248 40 249
40 246 44 247
28 127 32 128
28 129 39 129
32 130 36 131
1 99 2 103
0 93 0 102
1 94 2 98
3 87 3 96
5 97 8 98
4 87 7 88
5 89 5 96
13 100 15 103
9 98 12 100
16 101 18 103
17 104 20 105
15 106 20 107
19 108 23 109
24 108 27 109
27 110 29 113
22 111 26 112
17 113 26 113
19 114 22 115
20 116 31 116
20 117 31 117
20 118 30 118
20 119 29 119
24 120 29 121
26 122 28 124
26 125 33 125
52 165 53 170
65 159 69 160
64 160 64 170
58 162 59 165
60 162 63 164
54 164 56 166
58 166 60 169
58 170 61 171
37 130 40 131
40 132 41 136
34 133 36 135
37 133 39 136
35 137 37 139
37 140 45 140
37 141 48 141
45 142 47 144
51 143 54 144
54 145 55 149
48 142 50 144
52 146 53 149
52 150 60 150
53 151 58 152
59 151 60 154
62 153 67 154
66 155 70 156
61 144 61 154
61 157 69 157
70 157 72 160
59 174 62 175
62 176 66 177
54 167 55 170
59 172 63 173
67 176 71 177
71 178 81 178
79 179 80 184
76 183 78 186
72 190 73 194
70 191 70 199
71 192 71 200
73 189 82 189
74 187 77 188
64 187 68 188
69 191 69 199
65 202 72 202
69 203 70 207
69 208 70 211
67 210 68 214
65 214 66 218
61 216 64 217
61 218 62 221
61 222 62 225
61 226 69 226
59 227 61 229
62 227 65 229
63 230 65 232
61 232 62 236
58 235 60 237
56 238 60 239
52 245 53 249
55 245 60 246
56 240 57 244
48 240 50 243
48 244 50 247
45 240 47 243
45 246 47 249
29 126 40 126
33 127 38 128
39 127 43 128
40 129 49 129
1 84 1 93
0 85 0 92
2 84 2 93
4 75 4 86
3 76 3 86
6 94 9 96
9 97 17 97
5 84 8 86
8 87 12 88
6 89 11 90
6 91 9 93
13 98 17 99
16 100 24 100
19 101 26 101
19 102 30 102
20 103 31 103
21 104 23 107
24 104 25 107
26 104 28 107
28 108 33 109
30 110 32 112
30 113 32 115
23 114 28 115
32 116 37 117
31 118 38 118
30 119 32 121
29 122 32 124
33 119 34 124
34 125 43 125
65 161 72 161
65 162 66 165
62 165 63 170
65 166 66 169
65 170 69 171
41 130 48 130
41 131 48 131
42 132 43 135
42 136 43 139
38 137 41 139
44 138 47 139
46 140 55 140
52 141 57 142
55 143 59 144
56 145 57 149
58 145 59 149
60 140 60 149
68 152 70 154
62 145 62 152
63 151 67 152
71 150 72 155
71 156 80 156
61 141 63 143
62 144 69 144
73 157 74 161
63 174 67 175
64 172 68 173
68 174 72 175
72 176 76 177
77 176 82 177
82 178 82 186
81 179 81 186
78 187 82 188
74 190 76 192
74 193 76 195
72 195 73 199
72 200 81 200
83 180 83 188
83 189 84 192
77 190 82 191
73 201 76 202
71 203 75 204
71 205 75 206
71 207 75 208
71 209 74 210
71 211 75 212
69 212 70 215
67 215 67 222
68 215 68 225
63 218 64 223
63 224 67 225
69 221 70 225
70 226 71 229
66 227 69 229
66 230 69 231
66 232 70 233
63 233 65 235
63 236 64 241
61 237 62 240
58 240 60 243
54 247 57 249
58 244 65 244
61 245 66 246
58 247 61 249
41 126 48 126
44 127 47 128
50 127 51 130
49 121 49 128
49 130 49 138
0 76 0 84
1 80 2 83
3 65 3 75
4 71 5 74
5 75 6 78
5 79 6 83
1 74 2 79
10 91 11 96
18 95 19 99
12 95 17 96
9 83 11 86
7 79 8 83
12 85 17 86
13 87 16 88
12 89 13 94
20 99 27 99
25 100 32 100
27 101 34 101
31 102 38 102
32 103 34 105
29 104 31 107
32 106 37 107
34 108 39 109
33 110 34 115
38 110 39 115
38 116 42 117
36 110 37 115
39 118 40 121
35 119 38 120
35 121 38 123
35 124 45 124
70 162 73 163
67 162 69 164
67 165 78 165
67 166 69 169
70 166 71 171
69 172 73 173
44 132 48 133
44 134 46 137
48 139 55 139
56 137 58 140
59 132 59 142
61 138 63 140
60 128 60 139
68 148 70 151
63 145 64 150
65 148 67 150
73 149 74 153
73 154 84 154
71 145 72 149
76 155 87 155
81 156 85 157
75 157 80 158
64 139 65 143
66 142 70 143
70 144 77 144
67 145 70 147
75 159 77 161
74 162 79 163
73 174 78 175
79 174 83 175
83 176 84 179
77 192 81 193
77 194 78 199
74 196 76 199
79 198 83 199
82 200 83 203
77 201 80 203
81 201 81 208
84 180 85 184
84 185 87 187
84 188 95 188
85 189 88 190
85 191 89 192
82 193 89 193
76 203 76 213
71 213 74 214
75 213 75 221
69 216 71 218
69 219 74 220
71 221 74 222
71 223 73 225
72 226 73 229
70 230 73 231
71 232 78 232
71 233 76 234
67 234 68 238
69 234 70 238
65 238 66 243
61 242 64 243
66 244 73 244
67 245 70 246
65 247 67 249
62 247 64 249
46 122 48 125
50 124 52 126
52 127 53 130
51 131 53 134
50 131 50 138
44 120 48 121
50 120 52 123
49 111 49 120
0 65 0 75
2 61 2 72
4 62 4 70
3 57 3 64
5 65 6 70
6 71 8 74
7 75 9 78
1 62 1 73
14 93 18 94
20 93 21 98
19 87 19 94
12 79 13 84
9 79 11 82
18 82 19 86
17 87 18 92
14 79 15 84
16 79 17 84
14 89 16 92
22 98 30 98
28 99 39 99
33 100 43 100
35 101 43 101
39 102 47 102
35 103 39 104
35 105 45 105
38 106 46 106
38 107 46 107
40 108 41 113
40 114 44 115
43 116 48 117
43 118 48 119
41 118 42 123
70 164 81 164
79 165 83 166
72 166 73 171
74 166 75 170
76 166 78 168
74 171 77 173
51 137 55 138
53 135 58 136
57 129 59 131
56 132 58 134
61 135 64 137
64 138 74 138
58 125 59 128
60 123 61 127
61 129 64 131
61 133 65 134
73 145 75 148
75 149 76 153
77 153 85 153
85 154 92 154
88 155 89 158
87 156 87 164
86 157 86 168
81 158 85 159
78 159 80 161
66 139 68 141
69 139 71 141
71 142 74 143
75 142 79 143
78 144 88 144
76 145 81 146
80 162 83 163
78 171 81 173
82 171 84 173
84 174 87 175
85 176 90 177
85 178 88 179
81 194 92 194
79 197 87 197
84 198 87 200
84 201 87 203
82 204 85 205
77 204 80 206
82 206 85 207
77 207 80 208
82 208 89 208
77 209 80 210
81 209 84 210
86 180 87 184
88 184 90 187
93 185 96 187
96 188 99 189
89 189 94 190
92 177 92 187
95 189 95 197
90 191 94 192
77 211 82 212
77 213 88 213
76 214 83 214
72 215 74 218
76 215 77 219
76 220 80 221
75 222 82 222
74 223 75 226
74 227 75 231
76 229 79 231
79 232 80 235
77 233 78 236
71 235 76 236
67 239 69 242
71 237 75 238
70 239 72 242
67 243 75 243
74 244 76 246
71 245 73 247
68 248 71 249
53 119 53 126
54 126 54 134
50 117 52 119
47 110 48 115
50 110 51 114
50 115 53 116
49 101 49 110
1 54 1 61
2 52 2 60
5 60 6 64
4 52 4 61
3 49 3 56
7 63 7 70
8 67 9 70
9 71 12 72
9 73 13 74
10 75 14 76
10 77 15 78
0 52 0 63
20 90 22 92
22 93 23 97
20 82 20 89
18 79 20 81
16 76 19 78
31 97 34 98
24 96 29 97
30 90 30 97
35 97 40 98
40 99 49 99
44 100 48 101
40 103 48 103
40 104 48 104
47 105 48 109
42 108 43 113
44 108 46 110
44 111 46 113
84 160 84 169
79 167 83 168
76 169 83 169
76 170 84 170
55 127 55 134
56 121 56 131
57 119 57 128
65 135 67 137
68 137 76 137
75 138 85 138
72 139 75 141
58 117 58 124
59 116 59 124
62 122 63 125
62 126 65 128
65 129 70 130
65 131 69 132
66 133 69 134
76 147 81 148
77 149 81 150
77 151 82 152
83 151 86 152
86 153 96 153
93 154 95 156
90 155 92 158
88 159 91 161
88 162 90 164
87 165 90 166
85 160 85 169
87 167 90 168
86 169 95 169
80 141 83 143
76 139 79 141
89 143 92 144
82 145 89 145
84 140 86 143
87 139 88 143
82 146 89 146
82 147 87 148
85 170 86 173
87 170 89 173
88 174 95 174
91 175 96 176
90 178 91 183
93 193 94 197
88 195 90 198
91 195 92 198
88 199 90 201
88 202 92 203
86 204 88 207
89 204 91 207
90 208 92 211
85 209 89 210
83 211 88 212
93 183 97 184
97 185 100 186
97 187 105 187
100 188 104 189
96 190 104 190
93 177 94 182
96 191 97 194
96 195 98 197
94 198 96 200
89 211 89 222
84 214 86 217
87 214 88 219
78 215 79 219
80 215 83 217
80 218 84 219
81 220 86 221
83 222 83 232
76 223 77 228
78 223 79 228
80 223 82 226
80 227 82 230
81 231 82 234
81 235 82 238
79 236 80 240
76 237 78 239
73 241 78 242
76 243 87 243
77 244 79 246
74 247 81 247
72 248 75 249
53 117 57 118
54 119 55 124
50 107 53 109
52 110 54 113
52 114 62 114
54 115 58 116
49 100 57 100
50 101 61 101
50 102 52 105
50 106 58 106
1 43 1 53
2 43 2 51
5 57 7 59
7 60 11 61
7 62 15 62
4 46 5 51
5 52 6 56
3 37 3 48
8 63 10 66
10 67 11 70
12 67 14 70
13 71 16 72
14 73 21 73
14 74 22 74
21 87 23 89
23 90 26 92
24 93 26 95
21 79 21 86
20 77 23 78
16 75 27 75
20 76 29 76
31 95 35 96
27 93 29 95
27 89 29 92
31 89 32 94
30 82 30 89
41 96 44 98
36 94 38 96
39 91 40 96
45 97 50 98
50 99 58 99
68 136 79 136
77 137 84 137
85 135 87 137
86 138 97 138
60 116 65 117
60 118 64 119
60 120 68 120
60 121 70 121
64 122 66 125
66 126 68 128
69 125 71 128
71 129 75 130
70 131 75 132
70 133 72 135
82 149 87 150
87 151 97 151
87 152 97 152
97 153 98 157
96 154 96 161
93 157 95 160
92 159 92 166
91 167 101 167
91 168 99 168
96 169 99 170
90 170 91 173
92 170 95 171
89 141 94 142
93 143 95 146
90 145 91 150
89 139 98 139
89 140 100 140
92 172 96 173
96 174 103 174
97 175 101 176
95 177 97 179
93 198 93 206
92 207 101 207
93 208 96 209
93 210 96 211
90 212 94 213
95 180 98 182
98 183 102 184
101 185 105 186
106 185 107 188
105 188 105 198
98 191 103 192
104 191 104 198
98 193 103 194
99 195 103 196
99 197 103 198
97 198 97 206
94 201 96 204
90 214 94 215
90 216 91 219
88 220 88 230
90 220 93 222
90 223 92 226
89 223 89 231
87 220 87 227
85 222 85 230
86 222 86 231
84 229 84 240
83 233 83 242
81 239 82 242
84 241 88 242
88 243 92 244
80 244 84 245
85 244 87 247
82 246 84 249
76 248 81 249
54 107 63 107
54 109 62 109
55 110 56 113
57 113 64 113
63 114 67 115
59 99 62 100
62 101 63 105
53 102 55 105
56 102 58 105
59 102 61 105
59 106 69 106
0 38 0 49
1 39 2 42
8 56 9 59
7 48 7 56
12 59 14 61
10 55 11 59
15 59 17 61
16 62 19 63
11 63 15 64
4 42 6 45
6 46 13 46
6 47 17 47
2 29 2 38
3 33 4 36
4 37 5 41
11 65 16 66
15 67 17 70
17 71 21 72
22 69 23 73
23 74 33 74
24 85 25 89
22 81 23 86
26 81 26 89
22 79 33 79
22 80 31 80
24 77 28 78
28 75 36 75
30 76 37 76
29 77 33 78
33 91 34 94
35 86 35 94
27 86 29 88
31 86 33 88
31 81 33 84
27 82 29 85
31 85 39 85
41 94 45 95
45 96 55 96
36 90 38 93
41 90 42 93
40 83 40 90
51 97 54 98
55 97 59 98
80 134 82 136
73 133 75 135
76 133 78 135
79 128 79 135
83 132 84 136
88 134 90 137
85 130 86 134
87 126 87 134
91 137 98 137
98 138 106 138
66 116 71 117
65 118 69 119
69 120 78 120
71 121 76 122
67 122 68 125
69 123 72 124
72 125 73 128
74 125 76 128
76 129 78 132
94 149 98 150
98 151 103 152
92 147 93 150
99 153 100 157
97 158 101 159
97 160 102 161
93 161 95 163
96 162 101 163
93 164 96 165
93 166 104 166
102 167 104 170
100 168 101 173
97 171 99 173
95 141 99 142
96 143 98 145
96 146 105 146
94 147 99 148
101 139 106 140
100 141 105 142
102 171 105 173
104 174 104 184
102 175 103 180
98 177 101 179
98 205 103 206
102 207 103 210
97 208 101 209
97 210 99 212
95 212 96 215
99 181 103 182
105 182 107 184
108 184 109 187
108 188 109 193
106 189 107 192
106 193 107 197
106 198 108 201
98 199 105 199
98 200 100 203
98 204 108 204
92 216 97 217
92 218 97 219
87 228 87 235
88 231 88 238
94 220 97 222
93 223 96 225
93 226 95 228
90 227 90 237
91 227 92 231
89 232 89 242
85 231 85 240
86 232 86 240
90 240 93 242
93 243 95 245
88 245 90 247
91 245 92 249
85 248 90 249
64 107 73 107
56 108 67 108
63 109 65 111
57 110 62 111
57 112 64 112
65 112 70 113
68 114 72 115
60 97 63 98
63 99 70 99
64 100 65 105
69 100 70 105
70 106 77 106
66 103 68 105
0 33 1 37
8 48 8 55
9 48 9 55
12 57 16 58
10 51 12 54
12 55 15 56
18 57 19 61
17 51 17 58
20 57 21 61
20 62 22 64
18 64 19 69
7 40 8 45
6 34 6 41
9 45 16 45
14 46 22 46
18 47 19 50
10 48 13 50
14 48 17 50
1 25 1 32
2 25 3 28
3 29 5 32
5 33 14 33
20 65 21 70
22 66 24 68
24 69 26 71
24 72 27 73
29 72 34 73
34 74 45 74
28 65 28 73
34 77 37 79
32 80 39 80
37 75 44 75
38 76 40 79
36 86 38 89
34 81 36 84
37 81 39 84
46 93 48 95
43 90 45 93
56 95 61 96
49 94 54 95
55 88 55 95
41 86 43 89
40 80 42 82
41 83 51 83
41 84 50 84
41 85 52 85
80 130 82 133
77 125 78 128
80 127 82 129
79 119 79 127
83 127 84 131
88 132 91 133
91 134 93 136
85 125 86 129
87 123 90 125
88 126 89 131
99 136 102 137
94 134 96 136
97 128 97 136
98 129 98 136
103 136 107 137
107 138 109 140
72 116 77 117
72 118 77 119
73 123 78 124
99 149 108 149
99 150 108 150
104 151 107 152
101 153 105 154
101 155 103 157
102 158 105 159
103 160 108 161
102 162 107 163
97 164 102 165
103 164 107 165
105 166 107 168
105 169 110 170
99 143 101 145
102 145 110 145
106 146 109 148
100 147 105 148
106 141 109 142
102 143 107 144
106 171 110 172
106 173 113 173
105 174 113 174
105 175 110 176
105 177 106 181
104 205 108 206
104 207 106 209
100 210 101 214
104 210 106 212
102 211 103 214
98 213 99 217
107 177 108 181
108 182 111 183
110 184 111 188
110 189 111 192
110 193 118 193
108 194 110 196
108 197 118 197
109 198 113 199
101 200 105 201
109 200 117 200
109 201 118 201
101 202 105 203
106 202 110 203
109 204 110 208
98 218 99 222
97 223 99 226
96 226 96 234
93 229 95 231
91 232 94 234
91 235 94 237
90 238 93 239
94 239 96 242
96 243 98 245
93 246 96 247
93 248 96 249
74 107 77 108
68 108 71 110
72 108 73 112
71 113 79 113
73 114 77 115
64 96 67 98
62 92 63 96
68 97 72 98
71 99 72 104
66 100 68 102
71 105 79 105
78 106 80 108
0 23 0 32
13 51 16 53
18 55 22 56
18 51 20 54
22 57 23 60
22 61 33 61
23 62 27 63
23 64 27 65
7 37 9 39
9 40 10 44
7 34 9 36
17 44 22 45
11 40 12 44
13 42 16 44
23 43 24 46
20 47 25 48
20 49 25 50
1 23 5 24
4 25 5 28
6 28 7 32
10 31 15 32
15 33 16 36
8 28 9 32
10 34 11 37
12 34 14 36
25 66 27 68
35 71 37 73
29 70 34 71
41 72 46 73
46 74 53 74
45 75 52 75
38 70 40 73
28 62 31 64
29 65 30 69
41 76 45 77
41 78 45 79
49 92 54 93
46 90 48 92
44 86 46 89
56 91 58 94
59 91 61 94
53 87 54 91
55 86 59 87
56 88 58 90
43 80 48 81
43 82 50 82
51 79 52 82
51 84 60 84
53 85 60 85
47 86 49 89
50 86 52 89
83 123 84 126
80 122 81 126
82 118 82 126
78 115 80 118
92 131 94 133
90 126 91 131
85 119 86 124
87 121 91 122
91 123 94 124
91 125 102 125
99 134 103 135
95 128 96 133
95 126 100 127
98 128 109 128
99 129 107 129
99 130 101 133
104 134 108 135
108 136 113 137
110 138 112 140
110 141 113 142
109 149 110 152
108 151 108 159
106 153 107 158
109 153 109 161
108 162 109 167
108 168 116 168
111 169 112 172
108 143 111 144
111 145 114 146
110 147 113 148
113 169 115 172
114 173 115 176
111 175 112 180
113 175 113 182
107 207 108 210
100 215 102 217
107 211 111 212
104 213 107 214
103 215 105 217
100 218 102 220
112 183 113 188
112 189 115 191
112 192 121 192
119 193 121 195
111 194 113 196
114 194 117 196
118 196 127 196
119 197 123 198
114 198 118 199
118 200 126 200
119 201 126 201
111 202 122 202
111 203 114 204
111 205 113 207
111 208 120 208
109 209 116 209
100 221 102 224
100 225 102 228
97 227 99 229
97 230 98 233
97 234 98 238
95 235 96 238
97 239 98 242
99 241 100 245
97 246 99 249
74 109 79 110
74 111 78 112
79 111 82 112
80 113 91 113
78 114 85 114
64 94 68 95
68 96 77 96
64 91 66 93
62 87 63 91
73 97 77 98
73 99 74 104
75 103 80 104
80 105 91 105
81 106 85 107
81 108 90 108
80 109 85 110
0 19 1 22
21 51 23 54
23 55 28 56
24 57 26 60
32 58 34 60
34 61 35 64
27 58 30 60
31 53 31 60
32 62 33 65
10 38 15 39
17 42 20 43
21 39 22 43
13 40 17 41
23 39 25 42
25 43 28 44
25 45 30 46
26 47 30 48
26 49 30 50
24 51 26 54
2 21 6 22
6 23 8 26
6 27 13 27
13 29 16 30
16 31 21 32
10 28 12 30
17 33 19 36
12 37 22 37
35 67 37 70
31 67 34 69
41 71 48 71
47 72 50 73
51 71 54 73
54 74 55 78
53 75 53 83
46 76 48 79
49 76 52 78
41 69 44 70
38 58 38 69
40 59 40 69
49 90 52 91
60 86 61 90
61 83 63 85
54 82 57 83
58 78 59 83
60 76 60 83
81 115 83 117
83 118 90 118
93 126 94 130
87 119 90 120
91 115 92 120
92 121 96 122
95 123 100 124
101 122 103 124
103 125 110 125
101 126 109 126
102 130 104 133
101 127 110 127
110 128 121 128
108 129 117 129
105 130 108 132
105 133 114 133
109 134 112 135
113 134 117 135
114 136 117 137
113 138 116 139
113 140 122 140
114 141 125 141
114 142 118 143
111 149 113 151
111 152 112 155
110 153 110 162
110 163 111 167
112 166 117 167
117 168 128 168
116 169 119 170
112 144 121 144
115 145 117 147
114 147 114 158
116 171 119 172
116 173 118 175
116 176 118 178
114 177 115 181
114 182 115 185
109 210 118 210
103 218 104 221
112 211 115 212
112 213 115 214
108 213 111 215
106 215 106 224
107 215 107 222
114 186 116 188
116 189 119 191
120 189 122 191
122 192 124 195
125 193 128 195
128 196 129 200
124 197 127 199
127 200 127 207
123 202 126 203
115 203 122 203
115 204 126 204
114 205 116 207
117 206 121 207
121 208 123 210
119 209 120 212
103 222 105 224
103 225 104 228
101 229 104 230
100 229 100 236
99 237 102 239
99 240 108 240
101 241 102 244
101 245 111 245
100 246 102 249
83 111 88 112
89 111 93 112
92 113 97 114
86 114 88 117
69 93 71 95
67 89 68 93
78 95 79 98
72 87 72 95
73 87 73 95
74 92 76 95
77 87 77 95
64 88 66 90
62 86 70 86
64 87 71 87
75 99 79 100
75 101 79 102
81 102 83 104
80 94 80 102
90 102 92 104
92 105 94 107
84 103 89 104
86 106 91 107
91 108 93 110
86 109 90 110
2 18 4 20
0 9 0 18
1 7 1 18
27 53 30 54
35 57 37 60
32 53 33 57
34 49 34 57
36 61 37 66
27 51 31 52
32 48 33 52
16 38 20 39
21 38 30 38
26 39 27 42
28 39 30 42
29 43 34 44
31 45 33 47
7 20 10 22
5 16 6 20
9 23 11 26
12 24 14 26
14 27 19 28
17 30 25 30
22 31 30 31
22 32 30 32
20 33 27 33
20 34 22 36
23 34 26 36
23 37 30 37
49 66 50 71
45 68 48 70
51 69 56 70
55 71 58 72
55 73 62 73
56 74 63 74
56 75 59 77
56 78 57 81
41 66 44 68
39 54 39 65
38 50 38 57
41 57 41 65
40 49 40 58
61 81 64 82
64 83 67 85
60 75 67 75
61 76 62 80
93 115 94 120
97 120 99 122
95 115 96 120
100 114 100 122
101 119 104 121
104 122 106 124
111 124 112 127
107 122 110 124
113 127 122 127
122 128 124 130
118 129 121 131
109 130 112 132
113 130 117 131
113 132 121 132
115 133 123 133
118 134 120 136
118 137 126 137
117 138 120 139
121 138 125 139
123 140 132 140
126 141 131 142
119 142 123 143
124 142 125 146
113 154 113 165
111 156 112 161
118 165 121 167
114 160 115 165
116 161 117 165
122 167 129 167
129 168 130 171
120 169 124 170
125 169 128 171
120 171 122 174
122 144 123 147
118 145 121 147
115 148 118 150
115 151 115 158
114 159 121 159
119 173 119 183
116 179 117 184
118 179 118 187
116 211 118 213
116 214 120 215
112 215 114 217
115 215 115 223
108 216 111 217
107 223 109 225
105 225 106 230
108 218 112 219
108 220 111 222
117 188 126 188
123 189 126 191
125 192 135 192
129 193 134 194
129 195 137 195
130 196 137 196
130 197 131 202
128 201 128 212
129 201 129 211
117 205 126 205
122 206 126 207
124 208 127 209
124 210 127 212
121 211 123 214
101 231 106 232
101 233 103 236
103 237 107 238
103 239 113 239
109 240 112 241
103 241 105 244
106 241 108 244
109 242 112 244
112 245 114 247
103 246 106 247
107 246 111 247
103 248 107 249
94 108 95 112
98 106 98 117
96 108 97 112
69 89 71 92
78 90 79 94
71 84 73 86
74 86 75 91
76 77 76 88
77 82 78 86
78 87 81 89
68 83 70 85
84 101 89 102
81 94 81 101
82 98 83 101
80 90 81 93
93 99 94 104
90 98 92 101
95 104 97 107
2 15 4 17
0 0 0 8
1 3 2 6
2 7 3 12
2 13 5 14
35 54 37 56
34 45 36 48
35 49 37 52
31 34 31 42
32 40 35 42
35 43 39 44
7 18 11 19
11 20 13 22
7 15 9 17
6 6 6 15
12 23 21 23
15 24 17 26
18 24 21 26
20 27 22 29
26 29 30 30
23 26 25 29
31 30 33 32
28 33 35 33
27 34 30 36
45 65 48 67
51 65 52 68
49 55 49 65
50 54 50 65
53 67 57 68
57 69 61 70
59 71 63 72
63 73 72 73
64 74 72 74
42 63 44 65
42 54 42 62
41 49 41 56
37 47 40 48
41 40 41 48
63 77 65 80
65 81 69 82
68 75 73 76
99 107 99 118
100 111 102 113
101 114 102 118
105 118 107 121
103 115 104 118
113 123 114 126
111 120 112 123
108 119 110 121
115 126 124 126
123 127 132 127
125 128 127 130
122 131 127 132
124 133 126 136
121 134 123 136
127 133 128 137
126 138 129 139
130 138 134 139
133 140 135 143
132 141 132 150
126 143 131 144
126 145 131 146
126 147 131 148
124 147 124 156
125 147 125 157
118 163 122 164
122 165 125 166
116 160 123 160
118 161 123 162
126 165 130 166
130 167 137 167
131 168 135 169
131 170 135 171
124 172 128 173
129 172 134 173
123 171 123 179
120 175 122 177
119 148 123 149
119 150 122 152
116 151 116 158
117 151 118 154
117 157 122 158
122 159 130 159
120 178 122 180
120 181 122 183
119 184 121 187
121 215 124 216
116 216 117 220
118 216 119 219
120 216 120 224
113 218 114 222
116 221 118 223
113 223 114 228
115 224 116 227
110 223 111 227
107 226 109 228
107 229 109 231
112 220 112 229
127 187 128 191
122 184 124 187
125 183 126 187
131 190 136 191
136 192 144 192
135 193 139 194
129 187 130 191
138 195 142 196
132 197 140 197
132 198 133 202
130 203 132 205
129 212 130 216
124 213 128 214
130 206 132 208
130 209 132 211
107 232 108 236
104 233 106 236
108 237 115 237
109 238 120 238
114 239 124 239
113 240 114 244
115 240 115 249
109 248 114 249
98 104 102 105
99 106 109 106
74 82 75 85
71 80 73 83
74 76 75 81
77 76 78 81
76 67 76 76
79 81 80 86
81 83 82 86
82 87 82 97
84 99 89 100
84 96 86 98
83 88 83 97
95 98 97 100
95 101 98 103
93 91 93 98
94 88 94 98
87 95 89 98
90 93 91 97
92 87 92 97
1 0 4 1
1 2 11 2
3 3 5 6
4 7 5 12
32 34 33 39
34 37 36 39
36 40 39 42
40 37 40 46
10 15 12 17
12 18 17 19
14 20 16 22
7 13 10 14
6 3 8 5
7 6 8 11
7 12 16 12
17 21 22 22
22 23 25 25
26 27 31 28
31 29 42 29
26 24 28 26
34 30 36 32
36 33 44 33
34 34 37 36
45 63 48 64
53 63 54 66
51 60 52 64
48 54 48 62
49 44 49 54
51 53 52 58
51 59 58 59
50 45 50 53
55 64 58 66
58 67 63 68
62 69 65 70
64 71 69 72
70 70 73 72
43 60 46 62
43 52 43 59
42 44 42 53
41 37 43 39
42 40 44 43
66 77 69 78
66 79 69 80
74 72 75 75
70 77 73 79
100 107 102 110
103 107 104 111
103 112 105 114
105 115 108 117
108 118 118 118
113 120 115 122
115 123 117 125
111 119 118 119
125 125 128 126
118 124 121 125
122 122 124 125
129 126 136 126
133 127 135 129
128 128 131 130
128 131 132 132
129 133 132 134
129 135 131 137
132 136 135 137
135 138 139 139
136 140 137 143
135 144 136 148
133 144 133 151
134 144 134 153
126 149 131 150
126 151 131 152
132 151 132 160
119 153 123 154
118 155 123 156
126 153 131 154
126 155 131 156
126 157 130 158
123 163 127 164
124 160 129 161
124 162 133 162
128 163 132 164
131 165 136 166
138 165 140 167
136 168 138 170
137 157 137 166
136 171 138 173
135 172 135 179
124 174 129 175
130 174 134 175
124 176 126 178
124 179 131 179
123 180 125 182
125 215 128 216
121 217 130 217
119 220 119 227
121 218 122 221
121 222 122 226
120 225 120 232
117 224 118 227
115 228 119 229
113 229 113 236
110 228 111 233
127 184 129 186
126 180 128 182
127 183 134 183
137 189 139 191
131 188 134 189
135 185 136 189
140 190 145 191
145 192 146 195
143 193 144 197
131 186 134 187
141 197 142 202
135 198 140 199
134 200 136 202
133 203 136 205
133 206 136 208
131 212 132 217
133 209 134 213
109 234 112 236
114 233 116 236
116 237 126 237
121 238 130 238
125 239 130 240
116 240 119 242
120 240 124 241
116 243 117 248
116 249 123 249
103 103 105 105
99 100 101 103
102 93 102 103
106 104 111 105
110 106 112 109
105 107 106 111
107 107 109 109
77 73 79 75
79 76 90 76
79 77 84 78
79 79 84 80
74 66 75 71
77 66 78 70
77 71 82 72
76 55 76 66
81 81 85 82
83 83 85 85
83 86 86 87
84 92 86 95
84 88 85 91
98 96 100 99
95 94 97 97
93 80 93 90
95 85 95 93
94 80 94 87
87 86 87 94
88 89 89 94
90 89 91 92
88 86 91 88
92 79 92 86
5 0 9 1
10 1 18 1
12 2 15 3
9 3 11 5
37 37 39 39
38 36 48 36
13 14 15 17
16 15 18 17
18 18 22 19
17 20 24 20
11 13 21 13
9 6 10 11
17 11 21 12
11 6 12 11
13 6 14 11
15 7 16 11
23 21 28 22
26 23 35 23
29 24 32 26
32 27 35 28
39 27 43 28
43 29 45 32
36 26 38 28
37 30 39 32
40 30 42 32
45 33 48 35
38 34 43 35
47 53 47 62
53 60 56 62
55 63 62 63
48 46 48 53
46 43 48 45
49 41 51 43
50 44 60 44
51 50 54 52
53 53 55 56
53 57 58 58
59 57 61 59
57 60 59 62
51 45 52 49
59 64 62 66
64 65 65 68
63 59 63 66
66 68 69 70
70 67 73 69
44 57 46 59
44 51 45 56
43 44 43 51
44 37 46 39
45 40 48 42
45 43 45 50
106 112 109 114
109 115 111 117
115 116 119 117
119 118 121 121
112 114 114 117
116 120 118 122
125 123 130 124
129 125 138 125
122 119 125 121
125 122 132 122
137 126 139 129
136 127 136 137
133 130 135 133
137 135 140 137
140 138 142 140
138 140 139 144
137 144 137 151
135 149 136 153
133 154 134 157
135 154 137 156
133 158 136 159
134 160 136 163
138 162 141 164
141 165 142 168
139 168 140 172
138 154 138 161
139 173 140 176
136 174 138 176
132 176 134 179
136 177 139 178
136 179 139 180
132 180 135 182
128 176 131 178
129 180 131 182
123 218 131 218
123 219 125 221
123 222 124 225
123 226 125 228
121 227 122 231
118 230 119 233
121 232 129 232
120 233 122 236
114 230 117 232
130 184 134 185
135 183 139 184
140 188 144 189
137 185 139 188
146 189 148 191
145 179 145 189
147 192 148 195
146 196 147 200
145 196 145 204
143 198 144 201
137 200 140 202
143 202 144 207
137 203 142 204
137 205 138 208
135 209 137 211
133 214 134 218
132 218 132 225
135 212 136 216
117 234 119 236
127 236 130 237
123 234 126 236
131 237 133 240
125 241 133 241
120 242 127 242
118 243 121 244
118 245 120 248
124 248 128 249
121 245 123 248
106 102 111 103
103 99 105 102
101 92 101 99
103 92 104 97
103 98 114 98
102 83 102 92
112 99 113 103
112 104 116 105
113 106 115 108
113 109 115 112
107 110 112 111
80 73 82 75
83 75 91 75
91 76 94 77
85 77 87 80
88 77 89 81
90 77 90 85
70 64 73 66
74 60 75 65
77 63 79 65
79 66 80 70
81 68 83 70
83 71 84 74
74 54 75 59
76 51 77 54
77 55 77 62
86 81 87 85
98 93 100 95
96 89 97 93
93 79 103 79
95 80 96 84
96 85 98 88
88 82 89 85
91 78 99 78
10 0 18 0
19 0 23 1
16 2 23 2
16 3 24 3
13 4 24 4
12 5 23 5
49 28 49 35
49 36 56 36
47 37 50 39
16 14 27 14
19 15 21 17
22 15 25 17
23 18 26 19
25 20 33 20
22 12 27 13
17 9 22 10
22 11 29 11
15 6 22 6
17 7 22 8
29 22 39 22
36 23 38 25
33 24 35 26
39 25 44 26
44 27 48 28
46 29 48 32
46 47 47 52
60 60 62 62
49 40 59 40
52 41 55 43
56 42 61 43
61 44 62 47
53 45 54 49
55 45 56 48
57 45 60 46
55 49 58 51
55 52 64 52
56 53 57 56
58 55 63 56
62 57 65 58
64 62 66 64
66 65 69 67
64 59 66 61
110 113 117 113
120 114 122 117
118 106 118 115
119 106 119 115
122 118 130 118
131 123 136 124
137 123 141 124
139 125 146 125
126 119 128 121
129 120 133 121
133 122 141 122
140 126 141 129
137 130 140 131
137 132 141 133
137 134 148 134
141 135 143 137
143 138 145 140
140 141 145 142
140 143 142 145
139 145 139 155
139 160 142 161
142 162 146 163
143 164 144 167
143 168 146 169
141 169 142 173
139 156 141 159
141 174 142 178
140 177 140 187
126 219 131 220
126 221 131 222
125 223 127 225
126 226 127 230
123 229 125 231
126 231 136 231
130 232 141 232
123 233 131 233
141 179 141 187
142 184 144 187
146 187 149 188
149 189 150 192
143 174 144 178
145 176 147 178
142 179 144 182
146 179 147 183
146 184 149 186
149 193 151 195
148 196 150 198
148 199 150 201
146 201 147 205
145 205 145 213
139 205 142 207
141 208 144 210
139 208 140 211
138 209 138 218
137 212 137 222
135 217 136 221
133 219 134 223
128 223 131 225
133 224 134 229
130 226 132 229
127 234 131 235
131 236 138 236
134 237 136 239
134 240 136 242
128 242 133 243
122 243 127 244
124 247 135 247
129 248 134 249
124 245 128 246
106 99 108 101
109 99 111 101
100 83 100 92
101 80 101 91
103 89 105 91
105 92 106 97
107 97 115 97
115 98 122 98
114 99 115 103
102 80 104 82
103 83 104 88
116 100 118 103
117 104 120 105
116 106 117 111
85 74 94 74
92 75 100 75
95 76 100 77
67 62 69 64
70 62 73 63
71 59 73 61
78 60 80 62
80 63 82 65
81 66 91 66
81 67 92 67
84 68 87 70
85 71 87 73
72 53 73 58
74 49 75 53
78 50 78 59
77 40 77 50
99 85 99 92
102 75 104 78
104 79 111 79
97 80 100 81
101 70 101 78
97 82 99 84
24 0 33 0
24 1 28 2
25 3 33 3
25 4 29 5
23 6 26 8
50 27 50 35
49 19 49 27
57 35 58 39
51 34 54 35
51 37 54 39
55 30 56 35
28 12 32 13
28 14 39 14
26 15 29 17
27 18 35 18
27 19 37 19
34 20 42 20
30 21 41 21
23 9 27 10
28 9 31 10
30 11 37 11
40 22 44 23
39 24 47 24
48 16 48 26
59 37 61 39
60 40 67 40
56 41 63 41
62 42 67 43
63 44 67 45
63 46 64 51
59 47 60 51
65 46 66 51
65 52 69 53
58 53 63 54
64 54 66 56
66 57 71 58
67 59 70 61
123 113 124 117
120 111 122 113
120 106 121 110
125 117 133 117
131 118 140 118
129 119 136 119
142 122 144 124
145 122 148 124
147 125 148 130
142 126 143 129
144 126 146 129
134 120 139 121
140 121 147 121
142 130 144 133
145 132 149 133
149 134 150 139
144 135 147 137
148 135 148 143
146 138 147 143
143 143 145 145
140 146 143 148
140 149 143 150
140 151 143 152
140 153 143 155
142 156 143 159
143 160 147 161
147 162 150 163
145 164 147 167
147 168 147 175
143 170 146 172
128 230 138 230
139 230 142 231
142 232 144 235
132 233 136 234
137 233 140 235
141 233 141 241
150 184 151 187
150 188 160 188
151 189 152 192
148 175 148 183
149 181 151 183
152 193 153 196
151 196 151 205
148 202 150 205
147 206 148 210
146 206 146 213
143 211 144 216
145 214 147 216
141 211 142 215
139 212 140 215
139 216 142 217
139 218 142 219
138 219 138 229
135 222 136 225
135 226 137 229
139 236 139 245
137 237 138 242
135 243 137 246
132 244 134 246
129 244 131 246
136 247 144 247
135 248 140 249
105 84 106 88
106 89 108 91
107 92 108 96
109 96 116 96
116 97 126 97
123 98 124 103
119 99 122 100
105 80 110 81
105 82 109 83
119 101 122 103
121 104 124 105
95 73 100 74
88 68 89 73
90 68 91 73
92 71 94 73
81 58 82 62
79 56 80 59
83 61 84 65
85 65 92 65
92 66 100 66
93 67 104 67
92 68 94 70
70 52 71 56
72 47 73 52
76 38 76 49
74 44 75 48
79 48 79 55
78 41 78 49
77 38 80 39
78 40 86 40
102 72 105 74
105 75 107 78
108 77 112 78
112 79 114 81
111 80 111 88
97 68 100 70
101 68 106 69
102 70 106 71
95 71 100 72
34 0 36 2
29 1 33 2
34 3 37 5
30 4 33 6
27 6 29 8
51 26 51 33
50 16 50 26
49 10 49 18
59 34 61 36
57 30 58 34
52 28 53 33
54 26 54 33
55 26 57 29
33 12 38 13
39 10 40 13
40 14 43 15
30 15 33 17
34 15 36 17
37 15 39 18
43 16 44 21
40 16 42 19
30 8 40 8
32 9 36 10
45 20 47 23
47 10 48 15
62 34 63 39
64 38 68 39
68 40 69 45
67 46 68 51
69 46 70 51
67 54 69 56
125 111 126 116
123 108 124 112
122 106 126 107
134 116 138 117
127 115 131 116
132 107 132 116
133 105 133 116
139 115 141 117
141 118 150 118
137 119 147 119
148 121 155 121
149 122 149 129
149 130 157 130
145 131 156 131
140 120 151 120
150 132 153 133
151 134 153 137
151 138 153 141
149 140 150 144
146 144 148 146
144 146 144 156
145 146 145 156
144 157 147 159
148 159 150 161
151 160 152 163
148 164 151 165
148 166 148 174
139 227 141 229
142 226 144 229
143 230 151 230
145 231 150 232
145 233 148 234
145 235 149 236
142 236 143 241
144 236 144 246
140 236 140 246
141 242 143 245
152 183 153 187
159 185 162 187
161 188 163 191
153 189 158 190
154 185 157 187
158 178 158 187
159 189 160 192
153 191 158 192
149 166 149 174
149 175 150 180
151 177 153 180
152 181 156 182
154 193 157 194
154 195 157 196
152 197 155 198
152 199 154 201
152 202 154 205
149 206 154 207
149 208 151 210
147 211 150 213
143 217 147 218
148 214 149 217
143 219 147 220
139 220 141 223
139 224 141 226
145 237 145 246
145 247 155 247
141 248 145 249
107 84 108 88
109 84 109 95
110 95 117 95
117 96 125 96
127 96 128 99
125 98 126 103
126 85 126 96
125 104 134 104
110 82 110 93
81 55 83 57
83 58 87 59
83 60 90 60
80 48 80 55
85 61 86 64
93 64 96 65
87 61 89 64
90 61 92 64
101 65 104 66
97 63 100 65
105 63 106 67
71 42 71 51
72 42 73 46
75 36 78 37
74 38 75 43
79 43 80 47
79 41 83 42
81 37 83 39
79 33 80 37
87 39 88 42
84 36 86 39
84 41 86 44
106 72 108 74
108 75 112 76
113 76 115 78
115 79 116 84
112 82 114 84
112 85 115 86
112 87 117 88
111 89 113 92
107 67 108 71
37 0 40 2
38 3 39 7
34 6 37 7
52 15 52 26
51 18 51 25
50 12 51 15
46 7 48 9
50 8 51 11
49 0 49 9
59 32 62 33
58 26 60 29
59 30 70 30
59 31 67 31
53 20 53 27
54 23 57 25
58 23 60 25
37 9 44 9
41 10 43 13
44 10 46 13
45 14 46 19
41 7 45 8
63 32 67 33
64 34 65 37
66 35 69 37
69 38 72 39
125 108 128 110
127 111 129 114
127 105 129 107
134 113 136 115
137 110 138 115
130 111 131 114
130 105 131 110
134 105 134 112
142 114 144 117
139 112 141 114
146 116 151 117
151 118 158 118
148 119 156 119
145 110 145 117
154 120 165 120
156 121 166 121
150 122 159 122
150 123 157 123
150 124 151 129
154 128 158 129
158 130 160 132
152 124 153 129
157 131 157 140
154 132 156 134
154 135 156 137
154 138 156 141
151 142 154 143
151 144 154 145
149 145 149 152
150 145 150 156
146 147 146 156
147 147 148 152
148 153 149 158
150 157 154 158
151 159 158 159
153 160 154 163
152 164 154 166
150 166 151 171
142 224 145 225
145 226 147 229
148 228 152 229
152 230 154 232
151 231 151 239
146 237 150 238
159 183 163 184
163 185 166 186
163 187 170 187
164 188 166 190
164 191 166 193
161 192 163 195
157 177 157 184
159 177 160 182
158 169 158 177
158 193 160 195
150 172 152 174
151 175 156 176
154 177 156 180
158 196 165 196
156 197 163 197
156 198 159 199
155 199 155 206
155 207 157 209
152 208 154 210
151 211 153 213
150 214 152 216
148 218 149 222
150 217 152 219
142 221 147 222
142 223 150 223
146 239 146 246
147 246 156 246
156 247 158 249
146 248 151 249
110 94 117 94
118 94 121 95
122 93 125 95
127 93 129 95
129 96 130 100
127 100 128 103
123 84 125 86
127 84 128 89
124 87 125 92
127 90 130 92
126 74 126 84
135 103 135 112
129 101 131 103
132 100 134 103
111 93 121 93
84 54 86 57
81 43 81 54
82 51 83 54
88 57 90 59
87 46 87 57
91 57 92 60
93 61 96 63
93 59 96 60
101 62 104 64
97 60 99 62
100 55 100 62
107 62 108 66
105 57 106 62
73 33 73 41
74 29 74 37
75 33 78 35
82 43 82 50
81 34 83 36
75 31 78 32
79 31 82 32
81 33 90 33
87 37 90 38
89 39 90 43
88 43 88 50
84 34 88 35
87 36 95 36
83 45 86 47
109 67 109 74
110 73 113 74
113 75 124 75
116 76 124 76
116 77 124 77
116 78 124 78
117 79 118 82
117 83 119 86
118 87 119 92
114 89 115 92
116 89 117 92
109 65 112 66
41 0 46 1
41 2 44 3
40 4 42 6
53 12 53 19
52 6 52 14
43 4 45 6
46 4 48 6
50 2 51 7
47 0 48 3
50 0 55 1
61 25 62 29
63 29 71 29
71 30 72 35
68 31 70 34
54 19 55 22
56 20 59 22
61 21 63 24
60 15 60 22
136 101 136 112
139 108 141 111
137 105 138 109
142 105 142 113
143 108 144 113
152 115 154 117
146 114 150 115
151 108 151 115
155 116 160 117
159 118 168 118
157 119 165 119
146 109 147 113
145 102 145 109
166 119 170 120
167 121 170 123
160 122 163 123
164 122 166 124
154 124 163 124
154 126 159 127
159 128 163 129
161 130 163 132
158 133 162 134
154 125 163 125
158 135 162 136
158 137 161 138
158 139 160 141
157 141 157 151
155 142 156 146
151 146 153 148
154 146 154 156
151 149 153 151
151 152 153 155
155 147 155 158
156 157 159 158
159 159 161 161
155 160 158 161
155 162 157 164
155 165 157 167
152 167 154 169
152 170 156 171
146 224 149 225
148 226 151 227
152 226 156 227
153 228 157 229
155 230 157 232
152 233 156 234
152 235 154 238
148 239 150 242
152 239 155 240
161 180 164 182
164 183 169 184
167 185 172 186
171 187 173 189
167 188 170 190
167 191 168 195
166 194 166 203
157 169 157 176
159 174 161 176
161 177 163 179
155 168 166 168
159 169 160 173
153 172 156 174
164 197 165 201
160 198 163 200
156 200 157 204
158 200 159 204
156 205 161 206
158 207 161 208
158 209 161 211
155 210 157 212
154 211 154 219
153 214 153 222
150 220 152 222
151 223 155 224
147 243 157 243
147 245 155 245
156 245 165 245
157 246 164 246
159 247 161 249
120 90 123 92
130 93 133 95
131 96 133 99
120 83 122 86
120 87 123 89
123 79 124 83
125 74 125 83
129 83 130 87
129 88 132 89
127 75 127 83
128 73 128 83
131 90 134 92
123 71 125 73
127 67 127 74
126 66 126 73
135 94 135 102
84 50 86 53
88 54 91 56
88 51 92 52
88 53 96 53
92 54 94 56
93 57 96 58
97 55 98 59
101 59 104 61
99 50 99 59
101 54 102 58
100 46 100 54
107 58 109 61
109 62 112 64
103 54 104 58
107 54 108 57
105 52 106 56
73 23 73 32
75 28 77 30
74 21 74 28
78 28 80 30
83 30 86 32
81 27 82 30
88 30 91 32
91 33 98 33
89 34 93 35
87 25 87 32
91 37 94 38
91 39 92 42
91 43 92 48
89 44 90 49
89 50 98 50
94 34 99 35
96 36 99 37
95 37 95 47
110 67 111 72
112 70 114 72
114 73 118 74
119 72 122 74
119 79 121 82
113 62 115 64
113 65 118 66
112 67 117 68
53 7 54 11
54 12 56 14
54 15 59 16
54 17 59 18
52 2 53 5
56 0 60 1
54 2 57 4
63 25 68 26
63 27 68 28
72 22 72 29
69 26 71 28
61 19 64 20
64 21 66 24
57 13 60 14
61 14 62 18
137 99 138 104
136 93 136 100
139 104 141 107
143 104 144 107
142 97 142 104
152 112 155 114
155 115 162 115
148 111 150 113
148 107 150 110
152 107 153 111
151 98 151 107
161 117 168 117
169 117 172 118
146 103 147 108
144 92 144 103
145 97 146 101
171 119 172 122
171 123 174 124
167 124 167 131
168 124 168 133
169 124 170 127
164 125 165 130
166 125 166 134
164 131 165 136
163 133 163 140
162 137 162 144
161 139 161 146
158 142 160 144
158 145 160 148
156 147 156 156
158 149 160 151
157 152 158 156
159 152 160 156
160 157 167 157
160 158 170 158
162 159 164 161
158 162 159 167
160 162 163 163
150 225 157 225
157 226 161 227
158 228 161 230
158 231 161 232
157 233 162 234
155 235 158 237
155 238 162 238
151 241 160 241
156 239 160 240
165 179 167 182
164 172 164 179
170 181 171 184
168 173 168 182
169 173 169 182
173 184 175 186
172 173 172 184
174 187 176 189
171 190 174 191
169 191 170 195
167 196 169 199
167 200 168 203
164 202 165 205
166 204 167 207
160 167 168 167
167 168 167 178
161 169 163 172
165 169 166 172
163 201 163 209
160 201 162 204
162 205 162 213
158 212 161 214
155 213 155 222
157 213 157 223
156 224 165 224
153 242 164 242
158 243 167 243
150 244 161 244
162 244 169 244
166 245 176 245
165 246 175 246
162 247 165 249
131 82 132 87
129 77 130 82
133 85 134 89
129 68 129 76
128 65 128 72
135 87 136 90
135 91 139 92
119 69 122 71
123 61 123 70
124 63 124 70
127 55 127 66
125 61 126 65
93 51 98 52
95 48 99 49
101 51 103 53
96 45 99 47
101 45 102 50
100 36 100 45
110 57 111 61
109 50 109 57
112 60 115 61
104 46 104 53
107 48 108 53
105 47 106 51
73 13 73 22
78 25 80 27
75 24 77 27
74 17 75 20
75 21 77 23
83 28 86 29
83 25 86 27
81 21 82 26
88 28 92 29
92 30 94 32
95 31 99 32
99 33 106 33
83 23 88 24
88 25 90 27
93 39 94 42
93 43 94 48
100 34 104 35
97 38 99 41
96 42 99 44
115 69 117 72
116 60 117 64
119 64 122 66
118 67 122 68
118 54 118 64
54 5 57 6
55 7 56 11
57 8 58 12
61 0 71 0
61 1 66 2
58 2 60 4
58 5 61 6
69 22 71 25
67 21 68 24
69 19 72 21
63 15 65 18
65 19 68 20
59 9 61 12
61 13 70 13
63 14 72 14
137 95 139 98
139 100 141 103
137 93 141 94
140 95 141 99
143 89 143 100
142 88 142 96
156 111 157 114
154 108 155 111
158 113 163 114
163 115 172 115
163 116 174 116
148 104 150 106
152 103 154 106
154 107 161 107
147 97 150 99
151 95 153 97
152 98 154 101
148 100 150 103
152 102 159 102
173 117 175 119
144 88 146 91
145 92 148 94
145 95 150 96
173 120 183 120
173 121 184 121
173 122 184 122
175 123 178 124
171 125 179 125
167 132 167 142
169 128 170 131
169 132 170 135
168 134 168 144
171 126 174 127
171 128 172 131
166 135 166 144
164 137 165 140
163 141 165 144
162 145 166 146
161 147 164 148
161 149 162 152
161 153 164 155
161 156 172 156
168 157 175 157
171 158 174 160
165 159 170 160
165 161 173 161
164 162 168 163
160 164 163 166
164 164 167 166
158 225 166 225
162 226 164 228
162 229 164 232
163 233 164 236
159 235 162 237
163 237 167 238
161 239 163 241
165 173 166 178
170 176 171 180
168 170 171 172
173 181 176 183
176 184 179 185
176 186 184 186
172 171 176 172
173 173 173 180
177 187 179 189
175 190 179 191
172 192 177 193
171 192 171 199
170 196 170 207
169 200 169 208
168 204 168 211
164 206 165 210
166 208 166 217
167 208 167 216
168 165 172 166
169 167 178 167
168 168 173 169
163 210 163 217
162 214 162 223
158 215 161 216
158 217 161 218
158 219 161 221
163 221 166 223
166 224 175 224
164 239 166 241
165 242 172 242
168 243 176 243
170 244 177 244
177 245 178 249
174 247 176 249
166 247 173 247
166 248 171 249
131 78 133 81
133 82 136 84
131 76 135 77
135 85 139 86
130 67 131 71
130 72 134 73
130 74 134 75
129 57 129 67
128 53 128 64
137 87 139 90
140 88 141 92
120 60 122 63
124 53 124 62
123 50 123 60
125 52 126 56
125 57 126 60
127 46 127 54
103 42 103 50
101 39 102 44
101 36 103 38
112 56 114 59
110 51 111 56
109 47 111 49
110 50 120 50
115 56 117 59
104 43 106 45
105 46 112 46
71 8 72 13
74 12 75 16
70 15 72 18
73 5 73 12
78 21 80 24
76 15 77 20
78 16 79 20
80 18 82 20
83 20 86 22
93 27 95 29
91 23 92 27
95 30 103 30
100 31 104 32
105 29 107 32
107 33 108 37
105 34 106 37
89 20 90 24
88 15 88 22
119 52 119 63
116 51 118 53
112 54 117 55
57 7 66 7
59 8 66 8
72 0 75 1
67 1 71 2
61 3 70 3
61 4 71 4
66 15 68 18
62 9 64 12
65 9 66 12
67 10 70 12
143 80 143 88
140 84 142 87
156 108 158 110
158 111 161 112
164 112 167 114
162 105 162 112
163 102 163 112
168 113 173 114
173 115 180 115
175 116 182 116
155 103 157 106
158 103 159 106
160 102 161 106
149 93 152 94
154 94 155 97
153 86 153 94
155 98 156 101
157 100 161 101
176 117 179 119
147 87 148 91
144 84 146 87
149 90 152 92
180 118 184 119
184 120 195 120
185 121 192 121
185 122 190 123
179 123 182 124
183 123 184 127
180 125 182 128
175 126 176 129
177 126 179 128
167 143 167 151
171 132 174 133
171 134 173 136
169 136 169 146
170 136 170 145
173 130 177 131
165 147 166 152
165 153 167 155
168 154 173 155
173 156 182 156
176 157 183 157
175 158 177 160
174 161 176 163
169 162 172 164
167 225 175 225
165 226 174 226
165 227 165 236
166 235 170 236
168 237 172 238
167 239 169 241
174 178 177 180
177 181 180 183
180 184 183 185
184 182 185 185
185 186 187 188
180 187 184 188
177 170 179 172
174 173 177 174
174 175 177 177
180 189 183 191
178 192 182 193
172 194 179 194
172 195 177 196
172 197 174 199
171 200 175 201
171 202 175 203
171 204 174 205
171 206 173 208
170 208 170 216
169 209 169 218
168 212 168 219
164 211 165 214
164 215 165 219
173 164 176 166
177 164 179 166
179 167 188 167
174 168 179 169
163 220 171 220
167 221 170 223
171 222 176 223
176 224 181 225
173 238 174 242
170 239 172 241
175 240 177 242
177 243 185 243
179 244 180 249
134 78 136 81
137 81 139 84
136 73 137 77
135 68 135 75
132 66 133 71
130 63 131 66
134 64 134 71
130 55 130 62
129 48 129 56
128 41 128 52
120 51 120 59
121 54 122 59
124 44 124 52
121 48 122 53
123 42 123 49
126 42 126 51
103 39 105 41
104 42 113 42
104 38 113 38
112 51 115 53
112 47 122 47
112 48 117 49
107 43 109 45
110 43 113 45
113 46 122 46
67 7 70 9
76 11 77 14
74 7 75 11
72 4 82 4
74 5 77 6
78 13 81 15
80 16 83 17
83 18 87 19
96 26 97 29
93 24 95 26
93 21 95 23
91 17 92 22
104 21 104 30
98 26 100 29
101 26 103 29
105 26 108 28
108 29 110 32
109 33 110 37
85 14 87 17
88 11 89 14
89 15 99 15
89 16 99 16
76 0 78 3
72 2 75 3
141 79 142 83
143 77 145 79
144 80 146 83
140 74 140 83
168 111 172 112
164 104 164 111
165 109 167 111
162 97 162 104
163 98 164 101
164 102 173 102
164 103 175 103
173 111 176 112
174 113 182 113
174 114 182 114
181 115 188 115
183 116 190 116
180 117 187 117
154 90 156 93
156 94 159 95
156 96 166 96
147 85 152 86
154 85 155 89
149 87 152 89
157 97 160 99
147 82 149 84
185 118 188 119
189 119 196 119
196 120 197 123
193 121 194 125
191 122 192 127
185 124 188 125
189 124 190 128
185 126 188 128
184 128 184 139
178 129 183 130
168 147 169 151
167 152 177 152
175 132 177 135
174 134 174 145
171 137 173 139
170 146 171 151
171 140 172 145
178 131 183 132
168 153 175 153
174 154 177 155
178 154 183 155
183 156 190 156
184 157 189 158
178 158 180 160
181 158 183 160
178 161 183 162
177 163 185 163
175 226 179 227
166 227 169 228
170 227 174 228
166 229 167 234
168 233 172 234
171 235 174 236
173 237 184 237
178 173 178 180
181 180 182 183
179 177 180 180
183 172 183 183
184 179 186 181
186 182 188 185
188 186 189 189
184 189 187 190
180 168 182 171
180 172 182 174
184 191 187 193
183 192 183 199
181 194 182 198
178 195 178 202
179 195 179 205
175 197 177 199
176 200 177 204
175 204 175 211
174 206 174 214
171 209 172 213
173 209 173 218
171 214 172 218
169 219 176 219
180 164 183 166
184 165 189 166
189 167 190 170
183 168 188 169
172 220 179 220
171 221 178 221
177 222 185 222
177 223 185 223
182 224 186 225
180 226 183 228
175 238 179 239
178 240 180 242
181 241 186 242
186 243 187 248
181 244 185 245
181 246 182 249
137 78 139 80
138 65 138 76
136 69 137 72
136 58 136 68
135 58 135 67
132 62 133 65
131 55 131 62
134 55 134 63
130 51 131 54
129 46 132 47
130 48 133 50
125 39 128 40
129 40 131 42
118 41 127 41
129 43 132 45
121 42 122 45
106 39 109 41
110 40 114 41
114 42 116 45
111 36 115 37
114 38 121 38
110 39 117 39
117 42 119 45
76 7 78 10
81 0 83 3
83 4 84 7
78 5 82 6
79 0 80 3
82 11 83 15
80 7 81 12
84 10 84 17
96 22 98 25
96 20 101 21
93 17 95 20
102 20 103 25
105 20 106 25
104 13 104 20
99 22 101 25
107 23 109 25
109 26 112 28
111 29 116 30
111 31 113 33
111 34 115 35
85 9 86 13
87 6 87 13
88 8 90 10
90 11 95 12
90 13 99 13
90 14 99 14
100 14 103 16
96 17 103 17
141 73 142 78
146 76 148 79
143 73 144 76
145 67 145 76
147 80 157 80
147 81 155 81
139 70 139 77
140 65 140 73
172 109 176 110
168 106 169 110
170 105 171 110
165 104 172 104
165 105 167 108
163 97 172 97
165 98 167 101
170 100 174 101
174 102 184 102
168 98 169 101
176 103 186 103
173 104 180 104
177 107 179 110
177 111 188 111
177 112 188 112
183 113 188 114
189 112 191 115
191 116 195 117
157 87 158 91
157 92 161 93
156 81 156 89
160 94 164 95
165 94 168 95
167 96 174 96
150 82 153 84
189 118 197 118
198 118 199 121
195 122 195 133
198 122 199 126
196 124 197 129
193 126 194 130
191 128 192 131
185 129 190 130
185 131 188 132
178 133 183 134
185 133 187 135
178 135 183 136
185 136 186 139
179 137 183 138
179 139 183 140
184 140 187 141
172 151 179 151
178 152 186 152
178 153 189 153
175 136 176 140
177 136 177 144
173 140 173 147
175 141 176 144
175 145 183 145
174 146 177 147
172 148 175 150
184 154 188 155
189 154 192 155
191 156 196 157
190 158 194 159
184 159 185 162
186 159 187 163
188 159 189 163
184 164 191 164
175 228 177 231
178 228 179 231
168 229 170 232
171 229 174 231
171 232 179 232
173 233 176 234
175 235 179 236
180 235 185 236
185 237 187 240
180 238 184 239
183 170 187 171
184 172 185 175
184 176 187 178
187 179 189 181
189 182 191 184
189 185 197 185
190 186 191 190
188 190 189 194
184 194 187 195
184 196 185 199
180 199 182 202
183 200 185 202
178 203 178 213
180 203 182 205
179 206 182 208
176 205 177 210
176 211 177 215
174 215 175 218
176 216 178 218
177 219 184 219
190 165 194 166
191 167 192 170
188 170 188 178
189 171 191 173
180 220 191 220
179 221 189 221
186 222 189 223
187 224 194 224
187 225 190 227
184 226 186 228
180 229 184 230
187 241 191 242
188 243 191 244
188 245 190 247
183 246 185 248
188 248 195 248
184 249 195 249
137 59 137 68
139 59 139 69
138 55 138 64
135 54 136 57
137 49 137 58
132 56 133 61
132 51 133 55
133 44 134 47
134 48 135 53
122 37 124 40
125 37 129 38
129 39 140 39
132 40 137 41
132 42 142 42
118 39 121 40
116 35 119 37
120 33 121 37
84 0 87 1
84 2 95 2
85 3 88 5
98 18 103 19
107 18 108 22
105 16 106 19
101 10 103 13
104 11 107 12
105 13 113 13
105 14 110 15
109 18 110 22
110 23 112 25
113 25 114 28
115 25 117 28
117 29 119 32
114 31 116 33
88 6 93 7
91 8 93 10
96 10 99 12
94 6 95 10
100 6 100 13
141 70 144 72
149 75 151 78
149 79 157 79
146 72 148 75
143 66 144 69
145 65 149 66
146 67 147 71
158 78 160 80
157 81 158 86
140 61 141 64
141 65 142 69
172 107 176 108
172 105 182 105
172 106 183 106
173 97 180 97
170 98 174 99
175 98 176 101
177 101 185 101
185 102 192 102
187 103 191 104
184 104 186 106
180 107 182 110
186 108 189 110
183 108 185 110
192 111 193 115
190 106 191 111
196 115 199 117
194 111 195 115
159 81 159 91
160 89 162 91
162 92 171 92
162 93 170 93
169 94 174 95
175 95 179 96
196 130 197 133
193 131 194 135
195 134 198 136
198 127 199 132
189 131 190 136
191 132 192 135
188 133 188 144
178 141 180 144
181 141 183 144
184 142 187 144
176 149 180 150
180 151 187 151
187 152 194 152
190 153 199 153
184 145 187 146
178 146 183 147
176 148 183 148
194 154 199 155
197 156 199 158
195 158 195 169
190 160 191 163
192 160 194 163
180 231 184 232
177 233 182 234
183 233 186 234
186 235 196 235
186 236 194 236
188 237 190 240
186 172 187 175
189 174 190 178
190 179 193 181
192 182 195 184
198 183 199 186
192 186 197 187
196 177 196 184
192 188 194 190
190 191 192 193
190 194 192 197
188 195 189 198
186 196 187 200
183 203 184 206
186 201 189 202
185 203 188 204
179 209 180 213
178 214 182 215
183 207 183 215
181 209 182 213
179 216 182 218
185 218 189 219
184 207 184 218
193 167 194 170
192 171 195 173
191 174 192 178
190 217 192 219
192 220 195 221
190 222 194 223
195 222 197 224
191 225 195 226
191 227 193 229
187 228 190 230
185 229 186 232
191 237 193 240
192 241 194 243
192 244 199 244
191 245 193 247
194 245 196 247
196 248 199 249
139 54 140 58
140 59 143 60
138 46 138 54
136 44 137 48
135 43 146 43
122 34 125 36
130 36 133 38
126 33 128 36
129 28 129 36
134 38 141 38
141 39 149 39
138 40 141 41
142 40 146 41
143 42 150 42
122 31 125 33
120 21 120 32
121 23 121 32
88 0 95 0
88 1 96 1
96 2 100 3
89 3 92 5
107 16 111 17
104 8 106 10
101 6 103 9
107 9 111 10
108 11 119 11
114 12 115 16
112 14 113 17
111 18 113 21
111 22 119 22
113 23 117 24
118 23 119 28
93 4 97 5
96 8 99 9
98 4 99 7
100 4 104 5
149 73 152 74
152 75 154 78
155 76 157 78
148 67 149 71
149 72 156 72
144 58 144 65
145 63 150 64
150 65 151 69
158 76 161 77
161 78 162 81
160 81 160 88
180 92 181 96
181 97 188 97
177 98 185 98
177 99 188 99
177 100 185 100
186 100 190 101
191 99 193 101
193 102 196 103
192 104 194 107
187 105 189 107
192 108 195 110
196 112 199 114
196 109 199 111
161 85 163 88
163 89 172 89
163 90 168 91
169 90 173 91
172 92 179 92
171 93 179 93
192 136 194 138
199 134 199 145
195 137 198 139
191 136 191 145
189 137 190 140
189 141 190 146
181 149 186 150
187 149 191 150
188 151 197 151
198 147 199 152
185 147 190 148
196 159 199 161
196 162 199 164
196 165 198 168
196 169 198 171
187 232 190 234
191 234 198 234
197 235 198 240
195 236 196 240
193 174 194 178
195 174 195 181
197 179 199 182
198 187 198 196
199 187 199 197
195 188 197 190
196 172 197 176
193 191 196 193
193 194 196 195
193 196 196 198
190 198 192 200
185 205 185 215
190 201 192 204
189 203 189 210
186 205 188 207
185 216 189 217
190 215 194 216
193 217 196 219
198 221 199 225
196 225 197 228
197 213 197 221
194 227 195 230
187 231 194 231
195 241 198 243
199 234 199 243
139 51 142 53
141 54 142 58
143 51 143 58
138 44 141 45
139 46 141 49
139 50 147 50
147 43 150 44
142 44 144 47
145 44 146 49
130 34 134 35
134 36 145 36
134 37 142 37
126 30 128 32
126 26 128 29
130 26 130 33
129 17 129 27
142 38 150 38
150 39 157 39
147 40 151 41
151 42 151 50
122 28 125 30
114 20 119 21
121 20 123 22
120 10 120 20
122 23 127 24
122 25 125 27
97 0 102 1
101 2 104 3
107 7 110 8
106 0 106 7
111 7 116 8
112 9 116 10
116 12 118 15
117 8 119 10
119 12 119 19
116 16 118 19
153 73 156 74
155 75 164 75
150 70 154 71
157 71 159 74
155 66 156 71
144 54 146 57
145 58 146 62
147 61 151 62
151 63 156 64
152 65 161 65
152 66 154 69
162 76 167 77
163 78 166 79
163 80 167 81
161 82 164 84
174 90 179 91
182 91 183 96
180 86 181 91
189 95 190 99
184 94 187 96
188 85 188 96
194 96 196 99
194 100 199 101
191 96 193 98
197 102 199 104
195 105 197 107
164 85 166 88
173 88 178 89
167 87 170 88
171 84 172 88
192 139 193 143
197 140 198 143
194 144 198 145
194 140 196 143
192 144 193 148
192 149 197 150
194 146 197 148
199 165 199 176
191 232 196 233
197 231 199 233
197 191 197 199
198 197 198 205
199 198 199 205
193 199 195 202
196 199 196 207
186 208 188 210
186 211 189 213
186 214 196 214
193 203 195 205
190 205 192 208
190 209 191 213
198 217 199 220
194 211 196 213
198 211 199 216
144 51 146 53
147 45 148 49
148 50 149 55
150 45 150 53
131 32 135 33
135 34 139 35
142 34 146 35
146 36 154 36
143 37 153 37
140 31 141 35
128 17 128 25
130 20 131 25
131 26 132 31
127 14 129 16
130 16 132 19
151 38 158 38
158 39 160 42
152 40 153 44
154 40 156 43
157 40 157 49
152 45 153 49
152 50 156 51
151 51 151 58
121 18 125 19
124 20 127 22
121 9 121 17
120 0 120 9
107 6 116 6
107 0 108 5
117 4 119 7
165 73 167 75
160 73 164 74
157 68 160 70
160 71 163 72
157 66 161 67
147 56 150 58
147 59 155 59
147 60 154 60
152 61 156 62
157 62 160 64
161 63 164 64
162 65 164 67
168 72 169 76
168 77 175 77
167 78 174 78
167 79 174 79
168 80 171 81
165 82 174 82
165 83 170 84
179 80 179 89
184 89 185 93
182 83 182 90
183 79 183 90
180 82 181 85
189 92 191 94
191 95 198 95
186 89 187 93
186 83 187 88
189 82 189 91
188 77 188 84
199 89 199 99
173 84 175 87
176 84 178 87
197 206 199 208
193 206 195 209
192 210 199 210
136 29 137 33
133 28 135 31
138 22 138 33
139 26 139 33
147 33 149 35
142 31 144 33
145 30 146 33
150 34 155 35
155 36 162 36
154 37 163 37
140 29 143 30
132 20 134 22
132 23 134 25
122 13 126 14
130 13 133 15
123 15 126 17
127 11 129 13
133 16 135 19
159 38 166 38
161 39 162 42
158 43 162 44
154 44 156 47
158 45 162 46
158 47 160 49
157 50 160 51
152 52 157 53
152 54 153 58
121 3 122 8
122 9 124 12
117 0 119 3
121 0 128 0
121 1 125 2
109 5 116 5
109 0 110 4
115 0 116 4
164 68 165 72
166 65 166 72
167 65 167 72
161 68 163 70
154 55 156 58
156 59 163 59
155 60 163 60
157 61 166 61
161 62 168 62
165 63 172 63
165 64 175 64
168 69 170 71
170 72 171 76
172 75 176 76
176 77 187 77
175 78 179 79
175 80 177 83
180 78 182 81
185 78 185 88
190 89 192 91
192 92 195 94
197 89 198 94
186 78 187 82
189 78 190 81
190 82 192 84
190 85 195 86
190 87 193 88
177 76 187 76
189 75 191 77
188 66 188 76
197 85 199 88
136 24 137 28
135 20 139 21
139 22 140 25
140 26 142 28
147 30 150 32
150 33 157 33
144 23 144 30
145 28 149 29
156 34 161 35
163 33 164 36
162 27 162 35
164 37 175 37
143 20 143 28
125 3 125 12
126 1 126 12
134 12 136 15
130 7 131 12
132 8 133 12
127 7 129 10
136 16 138 19
167 38 174 38
163 39 171 39
163 40 164 44
163 45 164 48
161 47 162 52
158 52 160 54
123 3 124 8
129 0 138 0
127 1 129 3
111 3 114 4
111 0 114 2
168 65 170 68
157 55 159 58
160 57 164 58
164 59 169 60
167 61 175 61
169 62 177 62
173 63 182 63
176 64 184 64
175 65 183 65
171 65 174 66
171 67 172 71
172 72 175 74
177 74 181 75
176 66 176 74
193 89 196 91
196 79 196 88
191 78 193 81
194 80 195 84
182 74 187 75
192 73 193 77
189 69 190 74
191 63 191 74
186 65 187 69
189 64 190 68
183 70 187 71
182 72 187 73
198 73 198 84
139 15 140 19
141 20 142 25
151 29 152 32
150 22 150 29
158 31 161 33
153 31 157 32
145 22 146 27
144 13 144 22
147 25 149 27
163 30 166 32
165 33 167 36
160 26 161 30
163 26 164 29
162 19 162 26
168 36 176 36
176 37 178 39
175 38 175 47
141 17 143 19
127 4 130 6
137 11 138 15
134 9 136 11
131 5 134 6
132 7 141 7
134 8 142 8
172 39 174 42
165 40 165 47
166 40 171 41
165 48 167 51
164 49 164 56
161 53 163 56
139 0 148 0
130 1 141 1
130 2 135 3
165 56 167 58
168 56 170 58
170 59 174 60
175 59 178 60
176 61 183 61
178 62 187 62
183 63 190 63
177 66 185 66
173 67 175 70
177 72 181 73
177 67 181 68
177 69 180 71
194 76 195 79
197 72 197 83
196 71 196 78
194 71 195 75
192 69 193 72
188 61 191 62
192 61 192 68
182 67 185 69
199 70 199 81
198 61 198 72
141 14 143 16
153 27 154 30
151 25 152 28
147 21 149 24
151 21 154 23
151 24 158 24
150 14 150 21
157 25 158 30
159 21 159 30
155 25 156 30
145 16 146 21
142 9 143 13
144 9 145 12
145 13 147 15
165 26 167 29
167 30 170 32
168 33 170 35
160 22 161 25
163 23 165 25
160 17 161 21
163 18 164 22
162 10 162 18
171 35 178 35
177 36 186 36
179 37 182 39
176 40 181 41
176 42 179 43
173 43 174 46
176 44 179 45
176 46 179 48
172 47 174 49
175 48 175 56
131 4 138 4
137 9 141 10
135 5 142 5
135 6 143 6
142 7 151 7
166 42 171 43
166 44 168 47
168 48 169 51
165 52 168 53
165 54 170 55
149 0 156 0
142 1 152 1
136 2 143 2
136 3 147 3
171 55 174 56
171 57 175 58
179 58 181 60
176 56 178 58
184 58 186 61
187 53 187 61
197 60 197 71
195 66 196 70
194 62 194 70
193 61 193 68
190 58 193 60
188 57 189 60
199 62 199 69
199 53 199 61
148 11 148 20
149 9 149 20
155 20 156 23
151 18 154 20
157 19 158 23
150 9 151 13
151 14 152 17
159 13 159 20
168 25 170 28
168 29 175 29
166 22 167 25
171 30 175 31
171 32 179 32
165 15 165 22
160 11 161 16
163 13 164 17
159 7 161 10
163 8 164 12
162 2 162 9
179 33 181 35
173 33 178 34
182 34 187 35
187 36 189 38
183 37 186 39
182 40 186 41
180 42 184 43
180 44 182 47
169 44 172 46
180 48 183 50
176 49 177 53
178 49 179 53
170 47 171 51
172 50 174 52
171 53 174 54
176 54 180 55
139 4 147 4
144 6 153 6
152 7 154 9
157 0 158 4
153 1 156 3
148 2 152 3
148 4 156 4
179 56 182 57
183 56 186 57
184 52 186 55
187 48 188 52
188 53 191 55
188 56 198 56
196 57 198 59
195 57 195 65
197 52 198 55
199 41 199 52
155 14 156 19
153 13 154 17
157 13 158 18
152 10 155 12
156 11 159 12
168 22 171 24
171 25 173 28
174 26 176 28
176 29 178 31
166 20 170 21
179 28 180 31
180 32 191 32
166 14 167 19
165 5 165 14
154 5 158 6
156 7 158 10
159 3 161 6
163 3 164 7
159 0 164 1
163 2 173 2
182 33 190 33
188 34 192 35
190 36 191 41
187 39 189 41
185 42 190 43
183 44 188 45
183 46 187 47
184 48 186 51
180 51 183 53
188 46 192 47
189 48 190 52
191 48 192 52
192 53 194 55
195 52 196 55
195 49 198 51
198 37 199 40
197 41 198 46
193 47 198 48
172 21 173 24
171 14 171 21
174 23 176 25
177 23 178 28
168 14 169 19
170 9 170 19
179 25 181 27
181 28 182 31
189 30 192 31
192 32 199 32
191 33 199 33
183 30 188 31
166 11 169 13
165 3 170 4
166 5 167 10
165 0 168 1
169 0 174 1
174 2 178 3
171 3 173 6
193 34 196 36
192 37 197 38
192 39 197 40
192 41 195 43
191 44 196 45
193 49 194 52
197 34 199 36
174 20 176 22
172 17 173 20
171 9 172 13
172 14 174 16
177 20 180 22
179 23 183 24
168 5 169 10
170 7 174 8
182 25 184 27
183 28 186 29
187 26 188 29
193 29 195 31
189 27 191 29
192 22 192 29
196 29 199 31
175 0 179 1
179 2 181 4
174 4 178 5
174 6 181 6
174 17 177 19
173 9 174 13
175 7 175 16
178 17 181 19
181 20 186 21
181 22 191 22
184 23 189 24
193 27 197 28
187 20 191 21
193 21 194 26
192 12 192 21
198 24 199 28
180 0 183 1
182 2 184 4
179 5 186 5
182 6 186 7
176 7 180 8
181 7 181 14
176 15 181 16
176 9 177 14
182 16 184 19
185 18 190 19
195 22 196 26
197 18 197 26
191 9 191 19
195 18 196 21
193 15 194 20
193 11 194 14
192 3 192 11
199 14 199 23
184 0 188 1
185 2 187 4
187 5 187 13
182 8 185 10
186 8 186 15
178 9 180 12
182 11 185 13
185 16 190 17
195 12 196 17
198 9 198 20
197 9 197 17
190 3 191 8
189 9 190 14
195 8 196 11
194 3 194 10
189 0 192 2
193 0 196 2
199 6 199 13
188 2 188 13
197 3 198 8
197 0 199 2